<?xml version="1.0" encoding="UTF-8"?>
<testng-results ignored="0" total="8" passed="8" failed="0" skipped="0">
  <reporter-output>
  </reporter-output>
  <suite started-at="2023-04-30T14:17:07 IST" name="All Test Suite" finished-at="2023-04-30T14:32:56 IST" duration-ms="949146">
    <groups>
    </groups>
    <test started-at="2023-04-30T14:17:07 IST" name="Test1" finished-at="2023-04-30T14:19:04 IST" duration-ms="116848">
      <class name="org.example.SignInWrongPasswordTest">
        <test-method signature="verifySignInWrongTest()[pri:0, instance:org.example.SignInWrongPasswordTest@2ddc8ecb]" started-at="2023-04-30T14:17:07 IST" name="verifySignInWrongTest" finished-at="2023-04-30T14:19:04 IST" duration-ms="116771" status="PASS">
          <reporter-output>
          </reporter-output>
        </test-method> <!-- verifySignInWrongTest -->
      </class> <!-- org.example.SignInWrongPasswordTest -->
    </test> <!-- Test1 -->
    <test started-at="2023-04-30T14:19:04 IST" name="Test2" finished-at="2023-04-30T14:20:49 IST" duration-ms="104861">
      <class name="org.example.SignInPageTest">
        <test-method signature="VerifySignInTest()[pri:0, instance:org.example.SignInPageTest@5be6e01c]" started-at="2023-04-30T14:19:04 IST" name="VerifySignInTest" finished-at="2023-04-30T14:20:49 IST" duration-ms="104836" status="PASS">
          <reporter-output>
          </reporter-output>
        </test-method> <!-- VerifySignInTest -->
      </class> <!-- org.example.SignInPageTest -->
    </test> <!-- Test2 -->
    <test started-at="2023-04-30T14:20:49 IST" name="Test3" finished-at="2023-04-30T14:22:40 IST" duration-ms="111181">
      <class name="org.example.SavedDetailsTest">
        <test-method signature="verifySavedDetailsTest()[pri:0, instance:org.example.SavedDetailsTest@78b66d36]" started-at="2023-04-30T14:20:49 IST" name="verifySavedDetailsTest" finished-at="2023-04-30T14:22:40 IST" duration-ms="111174" status="PASS">
          <reporter-output>
          </reporter-output>
        </test-method> <!-- verifySavedDetailsTest -->
      </class> <!-- org.example.SavedDetailsTest -->
    </test> <!-- Test3 -->
    <test started-at="2023-04-30T14:22:40 IST" name="Test4" finished-at="2023-04-30T14:24:41 IST" duration-ms="120941">
      <class name="org.example.SearchProductTest">
        <test-method signature="verifySearch()[pri:0, instance:org.example.SearchProductTest@1d119efb]" started-at="2023-04-30T14:22:40 IST" name="verifySearch" finished-at="2023-04-30T14:24:41 IST" duration-ms="120907" status="PASS">
          <reporter-output>
          </reporter-output>
        </test-method> <!-- verifySearch -->
      </class> <!-- org.example.SearchProductTest -->
    </test> <!-- Test4 -->
    <test started-at="2023-04-30T14:24:41 IST" name="Test5" finished-at="2023-04-30T14:26:50 IST" duration-ms="128685">
      <class name="org.example.ProductAddToCartTest">
        <test-method signature="verifyProductAddToCart()[pri:0, instance:org.example.ProductAddToCartTest@769f71a9]" started-at="2023-04-30T14:24:41 IST" name="verifyProductAddToCart" finished-at="2023-04-30T14:26:50 IST" duration-ms="128660" status="PASS">
          <reporter-output>
          </reporter-output>
        </test-method> <!-- verifyProductAddToCart -->
      </class> <!-- org.example.ProductAddToCartTest -->
    </test> <!-- Test5 -->
    <test started-at="2023-04-30T14:26:50 IST" name="Test6" finished-at="2023-04-30T14:28:46 IST" duration-ms="116622">
      <class name="org.example.RemoveCartTest">
        <test-method signature="verifyRemoveCartTest()[pri:0, instance:org.example.RemoveCartTest@49d904ec]" started-at="2023-04-30T14:26:50 IST" name="verifyRemoveCartTest" finished-at="2023-04-30T14:28:46 IST" duration-ms="116601" status="PASS">
          <reporter-output>
          </reporter-output>
        </test-method> <!-- verifyRemoveCartTest -->
      </class> <!-- org.example.RemoveCartTest -->
    </test> <!-- Test6 -->
    <test started-at="2023-04-30T14:28:46 IST" name="Test7" finished-at="2023-04-30T14:30:53 IST" duration-ms="126888">
      <class name="org.example.ItemCheckOutTest">
        <test-method signature="verifyCheckOutTest()[pri:0, instance:org.example.ItemCheckOutTest@418e7838]" started-at="2023-04-30T14:28:46 IST" name="verifyCheckOutTest" finished-at="2023-04-30T14:30:53 IST" duration-ms="126859" status="PASS">
          <reporter-output>
          </reporter-output>
        </test-method> <!-- verifyCheckOutTest -->
      </class> <!-- org.example.ItemCheckOutTest -->
    </test> <!-- Test7 -->
    <test started-at="2023-04-30T14:30:53 IST" name="Test8" finished-at="2023-04-30T14:32:56 IST" duration-ms="122754">
      <class name="org.example.SignOutPageTest">
        <test-method signature="verifySignOutTest()[pri:1, instance:org.example.SignOutPageTest@63021689]" started-at="2023-04-30T14:30:53 IST" name="verifySignOutTest" finished-at="2023-04-30T14:32:56 IST" duration-ms="122670" status="PASS">
          <reporter-output>
          </reporter-output>
        </test-method> <!-- verifySignOutTest -->
      </class> <!-- org.example.SignOutPageTest -->
    </test> <!-- Test8 -->
  </suite> <!-- All Test Suite -->
</testng-results>
